0 info it worked if it ends with ok
1 verbose cli [ '/usr/bin/node', '/usr/bin/npm', 'run', 'dev-server' ]
2 info using npm@3.5.2
3 info using node@v8.10.0
4 verbose run-script [ 'predev-server', 'dev-server', 'postdev-server' ]
5 info lifecycle @~predev-server: @
6 silly lifecycle @~predev-server: no script for predev-server, continuing
7 info lifecycle @~dev-server: @
8 verbose lifecycle @~dev-server: unsafe-perm in lifecycle true
9 verbose lifecycle @~dev-server: PATH: /usr/share/npm/bin/node-gyp-bin:/home/stephane/Laboratoires/symreact.lab/node_modules/.bin:/usr/local/sbin:/usr/local/bin:/usr/sbin:/usr/bin:/sbin:/bin:/snap/bin
10 verbose lifecycle @~dev-server: CWD: /home/stephane/Laboratoires/symreact.lab
11 silly lifecycle @~dev-server: Args: [ '-c', 'encore dev-server' ]
12 info lifecycle @~dev-server: Failed to exec dev-server script
13 verbose stack Error: @ dev-server: `encore dev-server`
13 verbose stack spawn ENOENT
13 verbose stack     at ChildProcess.<anonymous> (/usr/share/npm/lib/utils/spawn.js:17:16)
13 verbose stack     at emitTwo (events.js:126:13)
13 verbose stack     at ChildProcess.emit (events.js:214:7)
13 verbose stack     at maybeClose (internal/child_process.js:925:16)
13 verbose stack     at Process.ChildProcess._handle.onexit (internal/child_process.js:209:5)
14 verbose pkgid @
15 verbose cwd /home/stephane/Laboratoires/symreact.lab
16 error Linux 4.15.0-88-generic
17 error argv "/usr/bin/node" "/usr/bin/npm" "run" "dev-server"
18 error node v8.10.0
19 error npm  v3.5.2
20 error file sh
21 error code ELIFECYCLE
22 error errno ENOENT
23 error syscall spawn
24 error @ dev-server: `encore dev-server`
24 error spawn ENOENT
25 error Failed at the @ dev-server script 'encore dev-server'.
25 error Make sure you have the latest version of node.js and npm installed.
25 error If you do, this is most likely a problem with the  package,
25 error not with npm itself.
25 error Tell the author that this fails on your system:
25 error     encore dev-server
25 error You can get information on how to open an issue for this project with:
25 error     npm bugs
25 error Or if that isn't available, you can get their info via:
25 error     npm owner ls
25 error There is likely additional logging output above.
26 verbose exit [ 1, true ]
